<?xml version="1.0" encoding="UTF-8"?>
<!-- Generated by org.testng.reporters.JUnitReportReporter -->
<testsuite skipped="0" hostname="LAPTOP-OF8QKMNN" name="hometest.testcases.CheckOutTest" tests="1" failures="0" timestamp="2019-11-17T17:20:46 IST" time="29.382" errors="0">
  <testcase name="placeOrder" time="29.382" classname="hometest.testcases.CheckOutTest"/>
</testsuite> <!-- hometest.testcases.CheckOutTest -->
